<?xml version="1.0" encoding="UTF-8"?>
<testsuite xmlns:xsi="http://www.w3.org/2001/XMLSchema-instance" xsi:noNamespaceSchemaLocation="https://maven.apache.org/surefire/maven-surefire-plugin/xsd/surefire-test-report.xsd" name="com.cg.dao.MyProductOfRetaileTest" time="0.092" tests="5" errors="0" skipped="0" failures="0">
  <properties>
[...]
</properties>
  <testcase name="testReatiler1" classname="com.cg.dao.MyProductOfRetaileTest" time="0.028"/>
  <testcase name="test2" classname="com.cg.dao.MyProductOfRetaileTest" time="0.001"/>
  <testcase name="test3" classname="com.cg.dao.MyProductOfRetaileTest" time="0.002"/>
  <testcase name="test4" classname="com.cg.dao.MyProductOfRetaileTest" time="0.002"/>
  <testcase name="test5" classname="com.cg.dao.MyProductOfRetaileTest" time="0.006"/>
</testsuite>